[2018-05-04 21:21:54] matcha_log.INFO: New user login request. [] []
[2018-05-04 21:22:01] matcha_log.INFO: Connected to Database. [] []
[2018-05-04 21:22:01] matcha_log.INFO: User loged in with success: gg [] []
[2018-05-04 21:22:02] matcha_log.INFO: Connected to Database. [] []
[2018-05-04 21:22:40] matcha_log.INFO: Connected to Database. [] []
[2018-05-04 21:22:41] matcha_log.INFO: Connected to Database. [] []
[2018-05-04 21:23:36] matcha_log.INFO: Connected to Database. [] []
[2018-05-04 21:23:37] matcha_log.INFO: Connected to Database. [] []
[2018-05-04 21:24:59] matcha_log.INFO: Connected to Database. [] []
[2018-05-04 21:25:02] matcha_log.INFO: Connected to Database. [] []
[2018-05-04 21:25:31] matcha_log.INFO: Connected to Database. [] []
[2018-05-04 21:25:32] matcha_log.INFO: Connected to Database. [] []
[2018-05-04 21:32:37] matcha_log.INFO: Connected to Database. [] []
[2018-05-04 21:32:37] matcha_log.INFO: Connected to Database. [] []
[2018-05-04 21:32:38] matcha_log.INFO: Connected to Database. [] []
[2018-05-04 21:33:03] matcha_log.INFO: Connected to Database. [] []
[2018-05-04 21:33:04] matcha_log.INFO: Connected to Database. [] []
[2018-05-04 21:34:06] matcha_log.INFO: Connected to Database. [] []
[2018-05-04 21:34:11] matcha_log.INFO: Connected to Database. [] []
[2018-05-04 21:34:11] matcha_log.INFO: Connected to Database. [] []
[2018-05-04 21:34:58] matcha_log.INFO: Connected to Database. [] []
[2018-05-04 21:34:58] matcha_log.INFO: Connected to Database. [] []
[2018-05-04 21:34:59] matcha_log.INFO: Connected to Database. [] []
[2018-05-04 21:36:07] matcha_log.INFO: Connected to Database. [] []
[2018-05-04 21:36:07] matcha_log.INFO: Connected to Database. [] []
[2018-05-04 21:36:14] matcha_log.INFO: Connected to Database. [] []
[2018-05-04 21:36:14] matcha_log.INFO: Connected to Database. [] []
[2018-05-04 21:36:57] matcha_log.INFO: Connected to Database. [] []
[2018-05-04 21:36:57] matcha_log.INFO: Connected to Database. [] []
[2018-05-04 21:36:58] matcha_log.INFO: Connected to Database. [] []
[2018-05-04 21:38:05] matcha_log.INFO: Connected to Database. [] []
[2018-05-04 21:38:06] matcha_log.INFO: Connected to Database. [] []
[2018-05-04 21:38:30] matcha_log.INFO: Connected to Database. [] []
[2018-05-04 21:38:30] matcha_log.INFO: Connected to Database. [] []
[2018-05-04 21:39:14] matcha_log.INFO: Connected to Database. [] []
[2018-05-04 21:40:06] matcha_log.INFO: Connected to Database. [] []
[2018-05-04 21:40:06] matcha_log.INFO: Connected to Database. [] []
[2018-05-04 21:40:07] matcha_log.INFO: Connected to Database. [] []
[2018-05-04 21:40:17] matcha_log.INFO: Connected to Database. [] []
[2018-05-04 21:40:18] matcha_log.INFO: Connected to Database. [] []
[2018-05-04 21:44:44] matcha_log.INFO: Connected to Database. [] []
[2018-05-04 21:44:44] matcha_log.INFO: Connected to Database. [] []
[2018-05-04 21:44:45] matcha_log.INFO: Connected to Database. [] []
[2018-05-04 21:46:12] matcha_log.INFO: Connected to Database. [] []
[2018-05-04 21:46:12] matcha_log.INFO: Connected to Database. [] []
[2018-05-04 21:46:13] matcha_log.INFO: Connected to Database. [] []
[2018-05-04 21:46:27] matcha_log.INFO: Connected to Database. [] []
[2018-05-04 21:46:28] matcha_log.INFO: Connected to Database. [] []
[2018-05-04 21:46:45] matcha_log.INFO: Connected to Database. [] []
[2018-05-04 21:46:46] matcha_log.INFO: Connected to Database. [] []
[2018-05-04 21:46:48] matcha_log.INFO: Connected to Database. [] []
[2018-05-04 21:46:48] matcha_log.INFO: Connected to Database. [] []
[2018-05-04 21:47:43] matcha_log.INFO: Connected to Database. [] []
[2018-05-04 21:47:43] matcha_log.INFO: Connected to Database. [] []
[2018-05-04 21:47:43] matcha_log.INFO: Connected to Database. [] []
[2018-05-04 21:49:21] matcha_log.INFO: Connected to Database. [] []
[2018-05-04 21:49:21] matcha_log.INFO: Connected to Database. [] []
[2018-05-04 21:49:22] matcha_log.INFO: Connected to Database. [] []
[2018-05-04 21:51:44] matcha_log.INFO: Connected to Database. [] []
[2018-05-04 21:51:44] matcha_log.INFO: Connected to Database. [] []
[2018-05-04 21:51:45] matcha_log.INFO: Connected to Database. [] []
[2018-05-04 21:52:44] matcha_log.INFO: Connected to Database. [] []
[2018-05-04 21:52:44] matcha_log.INFO: Connected to Database. [] []
[2018-05-04 21:52:46] matcha_log.INFO: Connected to Database. [] []
[2018-05-04 21:53:04] matcha_log.INFO: Connected to Database. [] []
[2018-05-04 21:53:05] matcha_log.INFO: Connected to Database. [] []
[2018-05-04 21:53:59] matcha_log.INFO: Connected to Database. [] []
[2018-05-04 21:54:21] matcha_log.INFO: Connected to Database. [] []
[2018-05-04 21:54:21] matcha_log.INFO: Connected to Database. [] []
[2018-05-04 21:54:44] matcha_log.INFO: Connected to Database. [] []
[2018-05-04 21:54:44] matcha_log.INFO: Connected to Database. [] []
[2018-05-04 21:55:38] matcha_log.INFO: Connected to Database. [] []
[2018-05-04 21:55:38] matcha_log.INFO: Connected to Database. [] []
[2018-05-04 21:55:39] matcha_log.INFO: Connected to Database. [] []
[2018-05-04 21:55:50] matcha_log.INFO: Connected to Database. [] []
[2018-05-04 21:55:50] matcha_log.INFO: Connected to Database. [] []
[2018-05-04 21:57:23] matcha_log.INFO: Connected to Database. [] []
[2018-05-04 21:57:24] matcha_log.INFO: Connected to Database. [] []
[2018-05-04 21:57:24] matcha_log.INFO: Connected to Database. [] []
[2018-05-04 21:58:24] matcha_log.INFO: Connected to Database. [] []
[2018-05-04 21:58:24] matcha_log.INFO: Connected to Database. [] []
[2018-05-04 21:58:25] matcha_log.INFO: Connected to Database. [] []
[2018-05-04 22:00:00] matcha_log.INFO: Connected to Database. [] []
[2018-05-04 22:00:00] matcha_log.INFO: Connected to Database. [] []
[2018-05-04 22:00:01] matcha_log.INFO: Connected to Database. [] []
[2018-05-04 22:01:22] matcha_log.INFO: Connected to Database. [] []
[2018-05-04 22:01:22] matcha_log.INFO: Connected to Database. [] []
[2018-05-04 22:01:23] matcha_log.INFO: Connected to Database. [] []
[2018-05-04 22:02:03] matcha_log.INFO: Connected to Database. [] []
[2018-05-04 22:02:03] matcha_log.INFO: Connected to Database. [] []
[2018-05-04 22:02:04] matcha_log.INFO: Connected to Database. [] []
[2018-05-04 22:03:10] matcha_log.INFO: Connected to Database. [] []
[2018-05-04 22:03:11] matcha_log.INFO: Connected to Database. [] []
[2018-05-04 22:05:09] matcha_log.INFO: Connected to Database. [] []
[2018-05-04 22:05:11] matcha_log.INFO: Connected to Database. [] []
[2018-05-04 22:05:11] matcha_log.INFO: Connected to Database. [] []
[2018-05-04 22:05:12] matcha_log.INFO: Connected to Database. [] []
[2018-05-04 22:07:06] matcha_log.INFO: Connected to Database. [] []
[2018-05-04 22:07:06] matcha_log.INFO: Connected to Database. [] []
[2018-05-04 22:07:07] matcha_log.INFO: Connected to Database. [] []
[2018-05-04 22:07:21] matcha_log.INFO: Connected to Database. [] []
[2018-05-04 22:07:27] matcha_log.INFO: Connected to Database. [] []
[2018-05-04 22:07:27] matcha_log.INFO: Connected to Database. [] []
[2018-05-04 22:07:33] matcha_log.INFO: Connected to Database. [] []
[2018-05-04 22:07:33] matcha_log.INFO: Connected to Database. [] []
[2018-05-04 22:07:34] matcha_log.INFO: Connected to Database. [] []
[2018-05-04 22:09:10] matcha_log.INFO: Connected to Database. [] []
[2018-05-04 22:09:10] matcha_log.INFO: Connected to Database. [] []
[2018-05-04 22:09:11] matcha_log.INFO: Connected to Database. [] []
[2018-05-04 22:13:57] matcha_log.INFO: Connected to Database. [] []
[2018-05-04 22:13:57] matcha_log.INFO: Connected to Database. [] []
[2018-05-04 22:13:58] matcha_log.INFO: Connected to Database. [] []
[2018-05-04 22:14:11] matcha_log.INFO: Connected to Database. [] []
[2018-05-04 22:14:12] matcha_log.INFO: Connected to Database. [] []
[2018-05-04 22:20:56] matcha_log.INFO: Connected to Database. [] []
[2018-05-04 22:20:57] matcha_log.INFO: Connected to Database. [] []
[2018-05-04 22:20:58] matcha_log.INFO: Connected to Database. [] []
[2018-05-04 22:25:28] matcha_log.INFO: Connected to Database. [] []
[2018-05-04 22:25:28] matcha_log.INFO: Connected to Database. [] []
[2018-05-04 22:25:29] matcha_log.INFO: Connected to Database. [] []
[2018-05-04 22:25:37] matcha_log.INFO: Connected to Database. [] []
[2018-05-04 22:25:38] matcha_log.INFO: Connected to Database. [] []
[2018-05-04 22:25:48] matcha_log.INFO: Connected to Database. [] []
[2018-05-04 22:25:49] matcha_log.INFO: Connected to Database. [] []
[2018-05-04 22:27:33] matcha_log.INFO: Connected to Database. [] []
[2018-05-04 22:27:33] matcha_log.INFO: Connected to Database. [] []
[2018-05-04 22:27:34] matcha_log.INFO: Connected to Database. [] []
[2018-05-04 22:28:53] matcha_log.INFO: Connected to Database. [] []
[2018-05-04 22:28:53] matcha_log.INFO: Connected to Database. [] []
[2018-05-04 22:28:54] matcha_log.INFO: Connected to Database. [] []
[2018-05-04 22:29:01] matcha_log.INFO: Connected to Database. [] []
[2018-05-04 22:29:07] matcha_log.INFO: Connected to Database. [] []
[2018-05-04 22:29:07] matcha_log.INFO: Connected to Database. [] []
[2018-05-04 22:29:08] matcha_log.INFO: Connected to Database. [] []
[2018-05-04 22:29:17] matcha_log.INFO: Connected to Database. [] []
[2018-05-04 22:29:18] matcha_log.INFO: Connected to Database. [] []
[2018-05-04 22:29:29] matcha_log.INFO: Connected to Database. [] []
[2018-05-04 22:29:29] matcha_log.INFO: Connected to Database. [] []
[2018-05-04 22:30:56] matcha_log.INFO: Connected to Database. [] []
[2018-05-04 22:30:56] matcha_log.INFO: Connected to Database. [] []
[2018-05-04 22:30:56] matcha_log.INFO: Connected to Database. [] []
[2018-05-04 22:32:22] matcha_log.INFO: Connected to Database. [] []
[2018-05-04 22:32:22] matcha_log.INFO: Connected to Database. [] []
[2018-05-04 22:32:23] matcha_log.INFO: Connected to Database. [] []
[2018-05-04 22:34:11] matcha_log.INFO: Connected to Database. [] []
[2018-05-04 22:34:11] matcha_log.INFO: Connected to Database. [] []
[2018-05-04 22:34:12] matcha_log.INFO: Connected to Database. [] []
[2018-05-04 22:34:19] matcha_log.INFO: Connected to Database. [] []
[2018-05-04 22:34:19] matcha_log.INFO: Connected to Database. [] []
[2018-05-04 22:36:27] matcha_log.INFO: Connected to Database. [] []
[2018-05-04 22:36:27] matcha_log.INFO: Connected to Database. [] []
[2018-05-04 22:37:22] matcha_log.INFO: Connected to Database. [] []
[2018-05-04 22:37:22] matcha_log.INFO: Connected to Database. [] []
[2018-05-04 22:37:23] matcha_log.INFO: Connected to Database. [] []
[2018-05-04 22:37:28] matcha_log.INFO: Connected to Database. [] []
[2018-05-04 22:37:29] matcha_log.INFO: Connected to Database. [] []
[2018-05-04 22:38:28] matcha_log.INFO: Connected to Database. [] []
[2018-05-04 22:38:28] matcha_log.INFO: Connected to Database. [] []
[2018-05-04 22:38:29] matcha_log.INFO: Connected to Database. [] []
[2018-05-04 22:38:32] matcha_log.INFO: Connected to Database. [] []
[2018-05-04 22:38:32] matcha_log.INFO: Connected to Database. [] []
[2018-05-04 22:39:23] matcha_log.INFO: Connected to Database. [] []
[2018-05-04 22:39:23] matcha_log.INFO: Connected to Database. [] []
[2018-05-04 22:39:23] matcha_log.INFO: Connected to Database. [] []
[2018-05-04 22:40:10] matcha_log.INFO: Connected to Database. [] []
[2018-05-04 22:40:10] matcha_log.INFO: Connected to Database. [] []
[2018-05-04 22:40:11] matcha_log.INFO: Connected to Database. [] []
[2018-05-04 22:41:25] matcha_log.INFO: Connected to Database. [] []
[2018-05-04 22:41:25] matcha_log.INFO: Connected to Database. [] []
[2018-05-04 22:41:26] matcha_log.INFO: Connected to Database. [] []
[2018-05-04 22:41:32] matcha_log.INFO: Connected to Database. [] []
[2018-05-04 22:41:33] matcha_log.INFO: Connected to Database. [] []
[2018-05-04 22:41:50] matcha_log.INFO: Connected to Database. [] []
[2018-05-04 22:41:51] matcha_log.INFO: Connected to Database. [] []
[2018-05-04 22:42:53] matcha_log.INFO: Connected to Database. [] []
[2018-05-04 22:42:53] matcha_log.INFO: Connected to Database. [] []
[2018-05-04 22:42:55] matcha_log.INFO: Connected to Database. [] []
[2018-05-04 22:42:55] matcha_log.INFO: Connected to Database. [] []
[2018-05-04 22:42:56] matcha_log.INFO: Connected to Database. [] []
[2018-05-04 22:43:49] matcha_log.INFO: Connected to Database. [] []
[2018-05-04 22:43:49] matcha_log.INFO: Connected to Database. [] []
[2018-05-04 22:43:50] matcha_log.INFO: Connected to Database. [] []
[2018-05-04 22:45:14] matcha_log.INFO: Connected to Database. [] []
[2018-05-04 22:45:14] matcha_log.INFO: Connected to Database. [] []
[2018-05-04 22:45:14] matcha_log.INFO: Connected to Database. [] []
[2018-05-04 22:45:39] matcha_log.INFO: Connected to Database. [] []
[2018-05-04 22:45:40] matcha_log.INFO: Connected to Database. [] []
[2018-05-04 22:45:40] matcha_log.INFO: Connected to Database. [] []
[2018-05-04 22:47:33] matcha_log.INFO: Connected to Database. [] []
[2018-05-04 22:47:33] matcha_log.INFO: Connected to Database. [] []
[2018-05-04 22:47:34] matcha_log.INFO: Connected to Database. [] []
[2018-05-04 22:48:05] matcha_log.INFO: Connected to Database. [] []
[2018-05-04 22:48:05] matcha_log.INFO: Connected to Database. [] []
[2018-05-04 22:48:06] matcha_log.INFO: Connected to Database. [] []
[2018-05-04 22:48:08] matcha_log.INFO: Connected to Database. [] []
[2018-05-04 22:48:09] matcha_log.INFO: Connected to Database. [] []
[2018-05-04 22:48:26] matcha_log.INFO: Connected to Database. [] []
[2018-05-04 22:48:26] matcha_log.INFO: Connected to Database. [] []
[2018-05-04 22:48:26] matcha_log.INFO: Connected to Database. [] []
[2018-05-04 22:49:35] matcha_log.INFO: Connected to Database. [] []
[2018-05-04 22:49:35] matcha_log.INFO: Connected to Database. [] []
[2018-05-04 22:49:39] matcha_log.INFO: Connected to Database. [] []
[2018-05-04 22:49:39] matcha_log.INFO: Connected to Database. [] []
[2018-05-04 22:49:41] matcha_log.INFO: Connected to Database. [] []
[2018-05-04 22:50:34] matcha_log.INFO: Connected to Database. [] []
[2018-05-04 22:50:34] matcha_log.INFO: Connected to Database. [] []
[2018-05-04 22:50:38] matcha_log.INFO: Connected to Database. [] []
[2018-05-04 22:50:38] matcha_log.INFO: Connected to Database. [] []
[2018-05-04 22:50:40] matcha_log.INFO: Connected to Database. [] []
[2018-05-04 22:50:43] matcha_log.INFO: Connected to Database. [] []
[2018-05-04 22:50:44] matcha_log.INFO: Connected to Database. [] []
[2018-05-04 22:57:37] matcha_log.INFO: Connected to Database. [] []
[2018-05-04 22:57:37] matcha_log.INFO: Connected to Database. [] []
[2018-05-04 22:57:38] matcha_log.INFO: Connected to Database. [] []
[2018-05-04 22:57:41] matcha_log.INFO: Connected to Database. [] []
[2018-05-04 22:57:41] matcha_log.INFO: Connected to Database. [] []
[2018-05-04 22:57:46] matcha_log.INFO: Connected to Database. [] []
[2018-05-04 22:57:46] matcha_log.INFO: Connected to Database. [] []
[2018-05-04 22:57:47] matcha_log.INFO: Connected to Database. [] []
[2018-05-04 23:00:18] matcha_log.INFO: Connected to Database. [] []
[2018-05-04 23:00:18] matcha_log.INFO: Connected to Database. [] []
[2018-05-04 23:00:19] matcha_log.INFO: Connected to Database. [] []
[2018-05-04 23:04:13] matcha_log.INFO: Connected to Database. [] []
[2018-05-04 23:04:14] matcha_log.INFO: Connected to Database. [] []
[2018-05-04 23:04:14] matcha_log.INFO: Connected to Database. [] []
[2018-05-04 23:04:15] matcha_log.INFO: Connected to Database. [] []
[2018-05-04 23:04:36] matcha_log.INFO: Connected to Database. [] []
[2018-05-04 23:05:05] matcha_log.INFO: Connected to Database. [] []
[2018-05-04 23:05:05] matcha_log.INFO: Connected to Database. [] []
[2018-05-04 23:05:06] matcha_log.INFO: Connected to Database. [] []
[2018-05-04 23:13:47] matcha_log.INFO: Connected to Database. [] []
[2018-05-04 23:14:17] matcha_log.INFO: Connected to Database. [] []
[2018-05-04 23:14:17] matcha_log.INFO: Connected to Database. [] []
[2018-05-04 23:14:18] matcha_log.INFO: Connected to Database. [] []
[2018-05-04 23:14:21] matcha_log.INFO: Connected to Database. [] []
[2018-05-04 23:14:22] matcha_log.INFO: Connected to Database. [] []
[2018-05-04 23:16:42] matcha_log.INFO: Connected to Database. [] []
[2018-05-04 23:16:42] matcha_log.INFO: Connected to Database. [] []
[2018-05-04 23:16:47] matcha_log.INFO: Connected to Database. [] []
[2018-05-04 23:16:48] matcha_log.INFO: Connected to Database. [] []
[2018-05-04 23:16:49] matcha_log.INFO: Connected to Database. [] []
[2018-05-04 23:18:06] matcha_log.INFO: Connected to Database. [] []
[2018-05-04 23:18:06] matcha_log.INFO: Connected to Database. [] []
[2018-05-04 23:18:14] matcha_log.INFO: Connected to Database. [] []
[2018-05-04 23:18:14] matcha_log.INFO: Connected to Database. [] []
[2018-05-04 23:18:15] matcha_log.INFO: Connected to Database. [] []
[2018-05-04 23:18:19] matcha_log.INFO: Connected to Database. [] []
[2018-05-04 23:18:21] matcha_log.INFO: Connected to Database. [] []
[2018-05-04 23:18:24] matcha_log.INFO: Connected to Database. [] []
[2018-05-04 23:18:25] matcha_log.INFO: Connected to Database. [] []
[2018-05-05 09:31:01] matcha_log.INFO: New user login request. [] []
[2018-05-05 09:31:01] matcha_log.INFO: New user login request. [] []
[2018-05-05 09:47:47] matcha_log.INFO: Connected to Database. [] []
[2018-05-05 09:47:47] matcha_log.INFO: User loged in with success: gg [] []
[2018-05-05 09:47:50] matcha_log.INFO: Connected to Database. [] []
[2018-05-05 10:11:26] matcha_log.INFO: Connected to Database. [] []
[2018-05-05 10:11:26] matcha_log.INFO: Connected to Database. [] []
[2018-05-05 10:11:49] matcha_log.INFO: Connected to Database. [] []
[2018-05-05 10:11:49] matcha_log.INFO: Connected to Database. [] []
[2018-05-05 10:13:35] matcha_log.INFO: Connected to Database. [] []
[2018-05-05 10:13:35] matcha_log.INFO: Connected to Database. [] []
[2018-05-05 10:30:30] matcha_log.INFO: Connected to Database. [] []
[2018-05-05 10:30:30] matcha_log.INFO: Connected to Database. [] []
[2018-05-05 10:31:47] matcha_log.INFO: Connected to Database. [] []
[2018-05-05 10:31:47] matcha_log.INFO: Connected to Database. [] []
[2018-05-05 10:32:36] matcha_log.INFO: Connected to Database. [] []
[2018-05-05 10:32:36] matcha_log.INFO: User logged out. [] []
[2018-05-05 10:32:41] matcha_log.INFO: New user login request. [] []
[2018-05-05 10:32:41] matcha_log.INFO: New user login request. [] []
[2018-05-05 10:34:46] matcha_log.INFO: Connected to Database. [] []
[2018-05-05 10:34:47] matcha_log.INFO: User loged in with success: gg [] []
[2018-05-05 10:34:48] matcha_log.INFO: Connected to Database. [] []
[2018-05-05 10:35:07] matcha_log.INFO: Connected to Database. [] []
[2018-05-05 10:35:10] matcha_log.INFO: Connected to Database. [] []
[2018-05-05 10:35:25] matcha_log.INFO: Connected to Database. [] []
[2018-05-05 10:35:28] matcha_log.INFO: Connected to Database. [] []
[2018-05-05 10:35:31] matcha_log.INFO: Connected to Database. [] []
[2018-05-05 10:35:31] matcha_log.INFO: User logged out. [] []
[2018-05-05 10:35:34] matcha_log.INFO: New user login request. [] []
[2018-05-05 10:35:40] matcha_log.INFO: Connected to Database. [] []
[2018-05-05 10:35:40] matcha_log.INFO: User loged in with success: tdonald [] []
[2018-05-05 10:35:40] matcha_log.INFO: Connected to Database. [] []
[2018-05-05 10:36:44] matcha_log.INFO: Connected to Database. [] []
[2018-05-05 10:36:48] matcha_log.INFO: Connected to Database. [] []
[2018-05-05 10:38:07] matcha_log.INFO: Connected to Database. [] []
[2018-05-05 10:39:00] matcha_log.INFO: Connected to Database. [] []
[2018-05-05 10:44:27] matcha_log.INFO: Connected to Database. [] []
[2018-05-05 10:46:00] matcha_log.INFO: Connected to Database. [] []
[2018-05-05 10:47:17] matcha_log.INFO: Connected to Database. [] []
[2018-05-05 10:57:27] matcha_log.INFO: Connected to Database. [] []
[2018-05-05 10:57:59] matcha_log.INFO: Connected to Database. [] []
[2018-05-05 11:18:57] matcha_log.INFO: Connected to Database. [] []
[2018-05-05 11:19:26] matcha_log.INFO: Connected to Database. [] []
[2018-05-05 11:20:13] matcha_log.INFO: Connected to Database. [] []
[2018-05-05 11:22:51] matcha_log.INFO: Connected to Database. [] []
[2018-05-05 11:24:12] matcha_log.INFO: Connected to Database. [] []
[2018-05-05 11:26:36] matcha_log.INFO: Connected to Database. [] []
[2018-05-05 11:26:56] matcha_log.INFO: Connected to Database. [] []
[2018-05-05 11:32:00] matcha_log.INFO: Connected to Database. [] []
[2018-05-05 12:53:23] matcha_log.INFO: New user login request. [] []
[2018-05-05 12:53:32] matcha_log.INFO: Connected to Database. [] []
[2018-05-05 12:53:32] matcha_log.INFO: User loged in with success: tdonald [] []
[2018-05-05 12:53:33] matcha_log.INFO: Connected to Database. [] []
[2018-05-05 12:53:35] matcha_log.INFO: Connected to Database. [] []
[2018-05-05 12:54:08] matcha_log.INFO: Connected to Database. [] []
[2018-05-05 12:54:46] matcha_log.INFO: Connected to Database. [] []
[2018-05-05 12:56:57] matcha_log.INFO: Connected to Database. [] []
[2018-05-05 12:59:59] matcha_log.INFO: Connected to Database. [] []
[2018-05-05 13:12:13] matcha_log.INFO: Connected to Database. [] []
[2018-05-05 13:22:58] matcha_log.INFO: Connected to Database. [] []
[2018-05-05 13:23:37] matcha_log.INFO: Connected to Database. [] []
[2018-05-05 13:24:07] matcha_log.INFO: Connected to Database. [] []
[2018-05-05 13:36:42] matcha_log.INFO: Connected to Database. [] []
[2018-05-05 13:42:08] matcha_log.INFO: Connected to Database. [] []
[2018-05-05 13:47:37] matcha_log.INFO: Connected to Database. [] []
[2018-05-05 13:47:51] matcha_log.INFO: Connected to Database. [] []
[2018-05-05 13:51:18] matcha_log.INFO: Connected to Database. [] []
[2018-05-05 13:53:59] matcha_log.INFO: Connected to Database. [] []
[2018-05-05 13:54:33] matcha_log.INFO: Connected to Database. [] []
[2018-05-05 14:24:36] matcha_log.INFO: Connected to Database. [] []
[2018-05-05 14:31:48] matcha_log.INFO: Connected to Database. [] []
[2018-05-05 14:32:21] matcha_log.INFO: Connected to Database. [] []
[2018-05-05 14:32:34] matcha_log.INFO: Connected to Database. [] []
[2018-05-05 14:33:24] matcha_log.INFO: Connected to Database. [] []
[2018-05-05 15:08:31] matcha_log.INFO: Connected to Database. [] []
[2018-05-05 15:08:55] matcha_log.INFO: Connected to Database. [] []
[2018-05-05 15:10:27] matcha_log.INFO: Connected to Database. [] []
[2018-05-05 15:21:09] matcha_log.INFO: Connected to Database. [] []
[2018-05-05 15:21:48] matcha_log.INFO: Connected to Database. [] []
[2018-05-05 15:22:52] matcha_log.INFO: Connected to Database. [] []
[2018-05-05 15:24:30] matcha_log.INFO: Connected to Database. [] []
[2018-05-05 15:24:56] matcha_log.INFO: Connected to Database. [] []
[2018-05-05 15:25:37] matcha_log.INFO: Connected to Database. [] []
[2018-05-05 16:11:09] matcha_log.INFO: Connected to Database. [] []
[2018-05-05 16:11:27] matcha_log.INFO: Connected to Database. [] []
[2018-05-05 16:11:50] matcha_log.INFO: Connected to Database. [] []
[2018-05-05 16:11:55] matcha_log.INFO: Connected to Database. [] []
[2018-05-05 16:12:49] matcha_log.INFO: Connected to Database. [] []
[2018-05-05 16:13:19] matcha_log.INFO: Connected to Database. [] []
[2018-05-05 16:13:49] matcha_log.INFO: Connected to Database. [] []
[2018-05-05 16:14:22] matcha_log.INFO: Connected to Database. [] []
[2018-05-05 16:15:00] matcha_log.INFO: Connected to Database. [] []
[2018-05-05 16:15:06] matcha_log.INFO: Connected to Database. [] []
[2018-05-05 16:15:48] matcha_log.INFO: Connected to Database. [] []
[2018-05-05 16:15:51] matcha_log.INFO: Connected to Database. [] []
[2018-05-05 16:17:02] matcha_log.INFO: Connected to Database. [] []
[2018-05-05 16:17:57] matcha_log.INFO: Connected to Database. [] []
[2018-05-05 16:18:02] matcha_log.INFO: Connected to Database. [] []
[2018-05-05 16:38:42] matcha_log.INFO: Connected to Database. [] []
[2018-05-05 16:39:24] matcha_log.INFO: Connected to Database. [] []
[2018-05-05 16:39:37] matcha_log.INFO: Connected to Database. [] []
[2018-05-05 16:40:34] matcha_log.INFO: Connected to Database. [] []
[2018-05-05 16:41:35] matcha_log.INFO: Connected to Database. [] []
[2018-05-05 16:42:20] matcha_log.INFO: Connected to Database. [] []
[2018-05-05 16:43:22] matcha_log.INFO: Connected to Database. [] []
[2018-05-05 16:45:19] matcha_log.INFO: Connected to Database. [] []
[2018-05-05 16:45:24] matcha_log.INFO: Connected to Database. [] []
[2018-05-05 16:45:26] matcha_log.INFO: Connected to Database. [] []
[2018-05-05 16:47:24] matcha_log.INFO: Connected to Database. [] []
[2018-05-05 16:47:26] matcha_log.INFO: Connected to Database. [] []
[2018-05-05 16:47:59] matcha_log.INFO: Connected to Database. [] []
[2018-05-05 16:48:01] matcha_log.INFO: Connected to Database. [] []
[2018-05-05 16:48:02] matcha_log.INFO: Connected to Database. [] []
[2018-05-05 16:48:19] matcha_log.INFO: Connected to Database. [] []
[2018-05-05 16:48:20] matcha_log.INFO: Connected to Database. [] []
[2018-05-05 16:50:35] matcha_log.INFO: Connected to Database. [] []
[2018-05-05 16:50:41] matcha_log.INFO: Connected to Database. [] []
[2018-05-05 16:50:47] matcha_log.INFO: Connected to Database. [] []
[2018-05-05 16:50:48] matcha_log.INFO: Connected to Database. [] []
[2018-05-05 16:50:48] matcha_log.INFO: Connected to Database. [] []
[2018-05-05 16:52:55] matcha_log.INFO: Connected to Database. [] []
[2018-05-05 16:52:56] matcha_log.INFO: Connected to Database. [] []
[2018-05-05 16:54:45] matcha_log.INFO: Connected to Database. [] []
[2018-05-05 16:54:51] matcha_log.INFO: Connected to Database. [] []
[2018-05-05 16:54:51] matcha_log.ERROR: DBMan->getConverstion(): SQLSTATE[42000]: Syntax error or access violation: 1305 FUNCTION matcha.receiver does not exist [] []
[2018-05-05 16:54:52] matcha_log.INFO: Connected to Database. [] []
[2018-05-05 16:54:52] matcha_log.ERROR: DBMan->getConverstion(): SQLSTATE[42000]: Syntax error or access violation: 1305 FUNCTION matcha.receiver does not exist [] []
[2018-05-05 16:55:08] matcha_log.INFO: Connected to Database. [] []
[2018-05-05 16:55:27] matcha_log.INFO: Connected to Database. [] []
[2018-05-05 16:55:29] matcha_log.INFO: Connected to Database. [] []
[2018-05-05 16:55:32] matcha_log.INFO: Connected to Database. [] []
[2018-05-05 16:56:30] matcha_log.INFO: Connected to Database. [] []
[2018-05-05 16:56:34] matcha_log.INFO: Connected to Database. [] []
[2018-05-05 16:56:35] matcha_log.INFO: Connected to Database. [] []
[2018-05-05 16:56:36] matcha_log.INFO: Connected to Database. [] []
[2018-05-05 16:56:39] matcha_log.INFO: Connected to Database. [] []
[2018-05-05 16:56:41] matcha_log.INFO: Connected to Database. [] []
[2018-05-05 16:57:20] matcha_log.INFO: Connected to Database. [] []
[2018-05-05 16:57:26] matcha_log.INFO: Connected to Database. [] []
[2018-05-05 16:57:27] matcha_log.INFO: Connected to Database. [] []
[2018-05-05 16:58:16] matcha_log.INFO: Connected to Database. [] []
[2018-05-05 16:59:40] matcha_log.INFO: Connected to Database. [] []
[2018-05-05 16:59:45] matcha_log.INFO: Connected to Database. [] []
[2018-05-05 17:01:14] matcha_log.INFO: Connected to Database. [] []
[2018-05-05 17:01:17] matcha_log.INFO: Connected to Database. [] []
[2018-05-05 17:01:19] matcha_log.INFO: Connected to Database. [] []
[2018-05-05 17:01:48] matcha_log.INFO: Connected to Database. [] []
[2018-05-05 17:01:48] matcha_log.ERROR: DBMan->getConverstion(): SQLSTATE[21000]: Cardinality violation: 1241 Operand should contain 2 column(s) [] []
[2018-05-05 17:01:50] matcha_log.INFO: Connected to Database. [] []
[2018-05-05 17:01:50] matcha_log.ERROR: DBMan->getConverstion(): SQLSTATE[21000]: Cardinality violation: 1241 Operand should contain 2 column(s) [] []
[2018-05-05 17:02:20] matcha_log.INFO: Connected to Database. [] []
[2018-05-05 17:03:41] matcha_log.INFO: Connected to Database. [] []
[2018-05-05 17:03:44] matcha_log.INFO: Connected to Database. [] []
[2018-05-05 17:03:51] matcha_log.INFO: Connected to Database. [] []
[2018-05-05 17:03:52] matcha_log.INFO: Connected to Database. [] []
[2018-05-05 17:05:23] matcha_log.INFO: Connected to Database. [] []
[2018-05-05 17:08:04] matcha_log.INFO: Connected to Database. [] []
[2018-05-05 17:09:26] matcha_log.INFO: Connected to Database. [] []
[2018-05-05 17:09:30] matcha_log.INFO: Connected to Database. [] []
[2018-05-05 17:10:29] matcha_log.INFO: Connected to Database. [] []
[2018-05-05 19:08:03] matcha_log.INFO: New user login request. [] []
[2018-05-05 19:08:12] matcha_log.INFO: New user login request. [] []
[2018-05-05 19:08:17] matcha_log.INFO: New user login request. [] []
[2018-05-05 19:08:54] matcha_log.INFO: New user login request. [] []
[2018-05-05 19:09:06] matcha_log.INFO: Connected to Database. [] []
[2018-05-05 19:09:06] matcha_log.INFO: User loged in with success: tdonald [] []
[2018-05-05 19:09:07] matcha_log.INFO: Connected to Database. [] []
[2018-05-05 19:09:13] matcha_log.INFO: Connected to Database. [] []
[2018-05-05 19:11:51] matcha_log.INFO: Connected to Database. [] []
[2018-05-05 19:16:23] matcha_log.INFO: Connected to Database. [] []
[2018-05-05 19:17:00] matcha_log.INFO: Connected to Database. [] []
[2018-05-05 19:17:08] matcha_log.INFO: Connected to Database. [] []
[2018-05-05 19:17:14] matcha_log.INFO: Connected to Database. [] []
[2018-05-05 19:17:17] matcha_log.INFO: Connected to Database. [] []
[2018-05-05 19:18:26] matcha_log.INFO: Connected to Database. [] []
[2018-05-05 19:19:21] matcha_log.INFO: Connected to Database. [] []
[2018-05-05 19:19:25] matcha_log.INFO: Connected to Database. [] []
[2018-05-05 19:21:25] matcha_log.INFO: Connected to Database. [] []
[2018-05-05 19:28:58] matcha_log.INFO: Connected to Database. [] []
[2018-05-05 19:29:03] matcha_log.INFO: Connected to Database. [] []
[2018-05-05 19:29:30] matcha_log.INFO: Connected to Database. [] []
[2018-05-05 19:29:32] matcha_log.INFO: Connected to Database. [] []
[2018-05-05 19:31:01] matcha_log.INFO: Connected to Database. [] []
[2018-05-05 19:31:04] matcha_log.INFO: Connected to Database. [] []
[2018-05-05 19:31:23] matcha_log.INFO: Connected to Database. [] []
[2018-05-05 19:31:25] matcha_log.INFO: Connected to Database. [] []
[2018-05-05 19:35:04] matcha_log.INFO: Connected to Database. [] []
[2018-05-05 19:38:04] matcha_log.INFO: Connected to Database. [] []
[2018-05-05 19:38:41] matcha_log.INFO: Connected to Database. [] []
[2018-05-05 19:39:27] matcha_log.INFO: Connected to Database. [] []
[2018-05-05 19:40:18] matcha_log.INFO: Connected to Database. [] []
[2018-05-05 19:42:24] matcha_log.INFO: Connected to Database. [] []
[2018-05-05 19:42:30] matcha_log.INFO: Connected to Database. [] []
[2018-05-05 19:42:54] matcha_log.INFO: Connected to Database. [] []
[2018-05-05 19:42:57] matcha_log.INFO: Connected to Database. [] []
[2018-05-05 19:43:50] matcha_log.INFO: Connected to Database. [] []
[2018-05-05 19:43:52] matcha_log.INFO: Connected to Database. [] []
[2018-05-05 19:44:34] matcha_log.INFO: Connected to Database. [] []
[2018-05-05 19:44:36] matcha_log.INFO: Connected to Database. [] []
[2018-05-05 19:45:46] matcha_log.INFO: Connected to Database. [] []
[2018-05-05 19:45:52] matcha_log.INFO: Connected to Database. [] []
[2018-05-05 19:46:31] matcha_log.INFO: Connected to Database. [] []
[2018-05-05 19:46:36] matcha_log.INFO: Connected to Database. [] []
[2018-05-05 19:46:45] matcha_log.INFO: Connected to Database. [] []
[2018-05-05 19:47:12] matcha_log.INFO: Connected to Database. [] []
[2018-05-05 19:47:14] matcha_log.INFO: Connected to Database. [] []
[2018-05-05 19:48:24] matcha_log.INFO: Connected to Database. [] []
[2018-05-05 19:48:28] matcha_log.INFO: Connected to Database. [] []
[2018-05-05 19:49:28] matcha_log.INFO: Connected to Database. [] []
[2018-05-05 19:49:32] matcha_log.INFO: Connected to Database. [] []
[2018-05-05 19:50:09] matcha_log.INFO: Connected to Database. [] []
[2018-05-05 19:50:21] matcha_log.INFO: Connected to Database. [] []
[2018-05-05 19:58:43] matcha_log.INFO: Connected to Database. [] []
[2018-05-05 20:00:08] matcha_log.INFO: Connected to Database. [] []
[2018-05-05 20:00:34] matcha_log.INFO: Connected to Database. [] []
[2018-05-05 20:00:35] matcha_log.INFO: Connected to Database. [] []
[2018-05-05 20:00:37] matcha_log.INFO: Connected to Database. [] []
[2018-05-05 20:00:41] matcha_log.INFO: Connected to Database. [] []
[2018-05-05 20:01:58] matcha_log.INFO: Connected to Database. [] []
[2018-05-05 20:02:01] matcha_log.INFO: Connected to Database. [] []
[2018-05-05 20:02:05] matcha_log.INFO: Connected to Database. [] []
[2018-05-05 20:02:07] matcha_log.INFO: Connected to Database. [] []
[2018-05-05 20:04:51] matcha_log.INFO: Connected to Database. [] []
[2018-05-05 20:04:54] matcha_log.INFO: Connected to Database. [] []
[2018-05-05 20:04:56] matcha_log.INFO: Connected to Database. [] []
[2018-05-05 20:04:59] matcha_log.INFO: Connected to Database. [] []
[2018-05-05 20:05:00] matcha_log.INFO: Connected to Database. [] []
[2018-05-05 20:06:23] matcha_log.INFO: Connected to Database. [] []
[2018-05-05 20:06:25] matcha_log.INFO: Connected to Database. [] []
[2018-05-05 20:15:09] matcha_log.INFO: Connected to Database. [] []
[2018-05-05 20:15:11] matcha_log.INFO: Connected to Database. [] []
[2018-05-05 20:17:20] matcha_log.INFO: Connected to Database. [] []
[2018-05-05 20:17:21] matcha_log.INFO: Connected to Database. [] []
[2018-05-05 20:17:48] matcha_log.INFO: Connected to Database. [] []
[2018-05-05 20:18:05] matcha_log.INFO: Connected to Database. [] []
[2018-05-05 20:20:55] matcha_log.INFO: Connected to Database. [] []
[2018-05-05 20:23:33] matcha_log.INFO: Connected to Database. [] []
[2018-05-05 20:26:01] matcha_log.INFO: Connected to Database. [] []
[2018-05-05 20:26:35] matcha_log.INFO: Connected to Database. [] []
[2018-05-05 20:27:41] matcha_log.INFO: Connected to Database. [] []
[2018-05-05 20:30:48] matcha_log.INFO: Connected to Database. [] []
[2018-05-05 20:31:51] matcha_log.INFO: Connected to Database. [] []
[2018-05-05 20:32:14] matcha_log.INFO: Connected to Database. [] []
[2018-05-05 20:33:53] matcha_log.INFO: Connected to Database. [] []
[2018-05-05 20:36:52] matcha_log.INFO: Connected to Database. [] []
[2018-05-05 20:36:52] matcha_log.INFO: Connected to Database. [] []
[2018-05-06 21:24:51] matcha_log.INFO: New user login request. [] []
[2018-05-06 21:25:29] matcha_log.INFO: New user login request. [] []
[2018-05-06 21:25:37] matcha_log.INFO: New user login request. [] []
[2018-05-06 21:26:17] matcha_log.INFO: Connected to Database. [] []
[2018-05-06 21:26:17] matcha_log.INFO: User loged in with success: gg [] []
[2018-05-06 21:26:35] matcha_log.INFO: Connected to Database. [] []
[2018-05-06 21:26:55] matcha_log.INFO: Connected to Database. [] []
[2018-05-06 21:26:56] matcha_log.INFO: Connected to Database. [] []
[2018-05-06 21:26:56] matcha_log.INFO: Connected to Database. [] []
[2018-05-06 21:26:56] matcha_log.INFO: Connected to Database. [] []
[2018-05-06 21:26:56] matcha_log.INFO: Connected to Database. [] []
[2018-05-06 21:26:56] matcha_log.INFO: Connected to Database. [] []
[2018-05-06 21:26:56] matcha_log.INFO: Connected to Database. [] []
[2018-05-06 21:28:47] matcha_log.INFO: Connected to Database. [] []
[2018-05-06 21:28:53] matcha_log.INFO: Connected to Database. [] []
[2018-05-06 21:28:53] matcha_log.INFO: User logged out. [] []
[2018-05-06 21:28:59] matcha_log.INFO: New user login request. [] []
[2018-05-06 21:29:07] matcha_log.INFO: Connected to Database. [] []
[2018-05-06 21:29:07] matcha_log.INFO: User loged in with success: tdonald [] []
[2018-05-06 21:29:08] matcha_log.INFO: Connected to Database. [] []
[2018-05-06 21:29:12] matcha_log.INFO: Connected to Database. [] []
[2018-05-06 21:29:18] matcha_log.INFO: Connected to Database. [] []
[2018-05-06 21:29:21] matcha_log.INFO: Connected to Database. [] []
[2018-05-06 21:29:32] matcha_log.INFO: Connected to Database. [] []
[2018-05-06 21:29:34] matcha_log.INFO: Connected to Database. [] []
[2018-05-06 21:29:37] matcha_log.INFO: Connected to Database. [] []
[2018-05-06 21:29:38] matcha_log.INFO: Connected to Database. [] []
[2018-05-06 21:30:00] matcha_log.INFO: Connected to Database. [] []
[2018-05-06 21:30:26] matcha_log.INFO: Connected to Database. [] []
[2018-05-06 21:30:26] matcha_log.INFO: User logged out. [] []
[2018-05-06 21:30:32] matcha_log.INFO: New user login request. [] []
[2018-05-06 21:30:38] matcha_log.INFO: Connected to Database. [] []
[2018-05-06 21:30:38] matcha_log.INFO: User loged in with success: bm [] []
[2018-05-06 21:30:38] matcha_log.INFO: Connected to Database. [] []
[2018-05-06 21:30:41] matcha_log.INFO: Connected to Database. [] []
[2018-05-06 21:37:27] matcha_log.INFO: Connected to Database. [] []
[2018-05-06 21:37:27] matcha_log.ERROR: DBMan->getUserConnections(): SQLSTATE[42000]: Syntax error or access violation: 1064 You have an error in your SQL syntax; check the manual that corresponds to your MySQL server version for the right syntax to use near 'EXISTS (SELECT liker FROM likes WHERE liker = 'bm')' at line 3 [] []
[2018-05-06 21:42:26] matcha_log.INFO: Connected to Database. [] []
[2018-05-06 21:42:38] matcha_log.INFO: Connected to Database. [] []
[2018-05-06 21:42:51] matcha_log.INFO: Connected to Database. [] []
[2018-05-06 21:42:54] matcha_log.INFO: Connected to Database. [] []
[2018-05-06 21:43:02] matcha_log.INFO: Connected to Database. [] []
[2018-05-06 21:43:08] matcha_log.INFO: Connected to Database. [] []
[2018-05-06 21:43:24] matcha_log.INFO: Connected to Database. [] []
[2018-05-06 21:43:36] matcha_log.INFO: Connected to Database. [] []
[2018-05-06 21:43:46] matcha_log.INFO: Connected to Database. [] []
[2018-05-06 21:43:54] matcha_log.INFO: Connected to Database. [] []
[2018-05-06 21:43:59] matcha_log.INFO: Connected to Database. [] []
[2018-05-06 21:44:41] matcha_log.INFO: Connected to Database. [] []
[2018-05-06 21:44:48] matcha_log.INFO: Connected to Database. [] []
[2018-05-06 21:44:57] matcha_log.INFO: Connected to Database. [] []
[2018-05-06 21:45:06] matcha_log.INFO: Connected to Database. [] []
[2018-05-06 21:45:06] matcha_log.INFO: User logged out. [] []
[2018-05-06 21:45:15] matcha_log.INFO: New user login request. [] []
[2018-05-06 21:45:23] matcha_log.INFO: Connected to Database. [] []
[2018-05-06 21:45:23] matcha_log.INFO: User loged in with success: gg [] []
[2018-05-06 21:45:24] matcha_log.INFO: Connected to Database. [] []
[2018-05-06 21:45:30] matcha_log.INFO: Connected to Database. [] []
[2018-05-06 21:45:35] matcha_log.INFO: Connected to Database. [] []
[2018-05-06 21:45:38] matcha_log.INFO: Connected to Database. [] []
[2018-05-06 21:45:48] matcha_log.INFO: Connected to Database. [] []
[2018-05-06 21:45:55] matcha_log.INFO: Connected to Database. [] []
[2018-05-06 21:46:02] matcha_log.INFO: Connected to Database. [] []
[2018-05-06 21:46:02] matcha_log.ERROR: DBMan->getUserConnections(): SQLSTATE[21000]: Cardinality violation: 1242 Subquery returns more than 1 row [] []
[2018-05-06 21:47:06] matcha_log.INFO: Connected to Database. [] []
[2018-05-06 21:51:10] matcha_log.INFO: Connected to Database. [] []
[2018-05-06 21:51:10] matcha_log.ERROR: DBMan->getUserConnections(): SQLSTATE[42000]: Syntax error or access violation: 1064 You have an error in your SQL syntax; check the manual that corresponds to your MySQL server version for the right syntax to use near 'INNER JOIN id FORM credentials WHERE credentials.id = likes.id)' at line 3 [] []
[2018-05-06 21:51:31] matcha_log.INFO: Connected to Database. [] []
[2018-05-06 21:51:31] matcha_log.ERROR: DBMan->getUserConnections(): SQLSTATE[42000]: Syntax error or access violation: 1064 You have an error in your SQL syntax; check the manual that corresponds to your MySQL server version for the right syntax to use near 'INNER JOIN uname FORM credentials WHERE credentials.id = likes.id)' at line 3 [] []
[2018-05-06 21:52:22] matcha_log.INFO: Connected to Database. [] []
[2018-05-06 21:52:22] matcha_log.ERROR: DBMan->getUserConnections(): SQLSTATE[42000]: Syntax error or access violation: 1064 You have an error in your SQL syntax; check the manual that corresponds to your MySQL server version for the right syntax to use near 'INNER JOIN uname FROM credentials WHERE credentials.id = likes.id)' at line 3 [] []
[2018-05-06 21:53:58] matcha_log.INFO: Connected to Database. [] []
[2018-05-06 21:53:58] matcha_log.ERROR: DBMan->getUserConnections(): SQLSTATE[42000]: Syntax error or access violation: 1064 You have an error in your SQL syntax; check the manual that corresponds to your MySQL server version for the right syntax to use near 'FROM likes WHERE liker = 'gg' INNER JOIN uname FROM credentials WHERE credential' at line 3 [] []
[2018-05-06 21:54:49] matcha_log.INFO: Connected to Database. [] []
[2018-05-06 21:54:49] matcha_log.ERROR: DBMan->getUserConnections(): SQLSTATE[42000]: Syntax error or access violation: 1064 You have an error in your SQL syntax; check the manual that corresponds to your MySQL server version for the right syntax to use near 'INNER JOIN credentials WHERE credentials.id = likes.id)' at line 3 [] []
[2018-05-06 21:55:20] matcha_log.INFO: Connected to Database. [] []
[2018-05-06 21:55:21] matcha_log.ERROR: DBMan->getUserConnections(): SQLSTATE[42000]: Syntax error or access violation: 1064 You have an error in your SQL syntax; check the manual that corresponds to your MySQL server version for the right syntax to use near 'INNER JOIN credentials WHERE credentials.id = likes.id)' at line 3 [] []
[2018-05-06 22:01:19] matcha_log.INFO: Connected to Database. [] []
[2018-05-06 22:01:22] matcha_log.INFO: Connected to Database. [] []
[2018-05-06 22:01:31] matcha_log.INFO: Connected to Database. [] []
[2018-05-06 22:01:31] matcha_log.INFO: Connected to Database. [] []
[2018-05-06 22:02:05] matcha_log.INFO: Connected to Database. [] []
[2018-05-06 22:02:05] matcha_log.ERROR: DBMan->getUserConnections(): SQLSTATE[HY093]: Invalid parameter number: number of bound variables does not match number of tokens [] []
[2018-05-06 22:03:54] matcha_log.INFO: Connected to Database. [] []
[2018-05-06 22:03:54] matcha_log.ERROR: DBMan->getUserConnections(): SQLSTATE[HY093]: Invalid parameter number: number of bound variables does not match number of tokens [] []
[2018-05-06 22:06:04] matcha_log.INFO: Connected to Database. [] []
[2018-05-06 22:06:17] matcha_log.INFO: Connected to Database. [] []
[2018-05-06 22:06:21] matcha_log.INFO: Connected to Database. [] []
[2018-05-06 22:07:00] matcha_log.INFO: Connected to Database. [] []
[2018-05-06 22:09:31] matcha_log.INFO: Connected to Database. [] []
[2018-05-06 22:09:48] matcha_log.INFO: Connected to Database. [] []
[2018-05-06 22:11:11] matcha_log.INFO: Connected to Database. [] []
[2018-05-06 22:11:14] matcha_log.INFO: Connected to Database. [] []
[2018-05-06 22:11:33] matcha_log.INFO: Connected to Database. [] []
[2018-05-06 22:11:55] matcha_log.INFO: Connected to Database. [] []
[2018-05-06 22:11:55] matcha_log.INFO: User logged out. [] []
[2018-05-06 22:11:59] matcha_log.INFO: New user login request. [] []
[2018-05-06 22:12:06] matcha_log.INFO: Connected to Database. [] []
[2018-05-06 22:12:06] matcha_log.INFO: User loged in with success: bm [] []
[2018-05-06 22:12:08] matcha_log.INFO: Connected to Database. [] []
[2018-05-06 22:12:15] matcha_log.INFO: Connected to Database. [] []
[2018-05-06 22:12:20] matcha_log.INFO: Connected to Database. [] []
[2018-05-06 22:12:52] matcha_log.INFO: Connected to Database. [] []
[2018-05-06 22:32:01] matcha_log.INFO: Connected to Database. [] []
[2018-05-06 22:32:04] matcha_log.INFO: Connected to Database. [] []
[2018-05-06 22:32:04] matcha_log.ERROR: DBMan->getConverstion(): SQLSTATE[42S22]: Column not found: 1054 Unknown column 'id' in 'field list' [] []
[2018-05-06 22:32:47] matcha_log.INFO: Connected to Database. [] []
[2018-05-06 22:32:51] matcha_log.INFO: Connected to Database. [] []
[2018-05-06 22:34:09] matcha_log.INFO: New user login request. [] []
[2018-05-06 22:34:20] matcha_log.INFO: Connected to Database. [] []
[2018-05-06 22:34:20] matcha_log.INFO: User loged in with success: gg [] []
[2018-05-06 22:34:21] matcha_log.INFO: Connected to Database. [] []
[2018-05-06 22:34:33] matcha_log.INFO: Connected to Database. [] []
[2018-05-06 22:34:37] matcha_log.INFO: Connected to Database. [] []
[2018-05-06 22:34:46] matcha_log.INFO: Connected to Database. [] []
[2018-05-06 22:35:27] matcha_log.INFO: Connected to Database. [] []
[2018-05-06 22:35:29] matcha_log.INFO: Connected to Database. [] []
[2018-05-06 22:36:54] matcha_log.INFO: Connected to Database. [] []
[2018-05-06 22:36:58] matcha_log.INFO: Connected to Database. [] []
[2018-05-06 22:37:02] matcha_log.INFO: Connected to Database. [] []
[2018-05-06 22:37:03] matcha_log.INFO: Connected to Database. [] []
[2018-05-06 22:37:13] matcha_log.INFO: Connected to Database. [] []
[2018-05-06 22:38:22] matcha_log.INFO: Connected to Database. [] []
[2018-05-06 22:40:12] matcha_log.INFO: Connected to Database. [] []
[2018-05-06 22:40:14] matcha_log.INFO: Connected to Database. [] []
[2018-05-06 22:40:22] matcha_log.INFO: Connected to Database. [] []
[2018-05-06 22:40:25] matcha_log.INFO: Connected to Database. [] []
[2018-05-06 22:40:32] matcha_log.INFO: Connected to Database. [] []
[2018-05-06 22:40:41] matcha_log.INFO: Connected to Database. [] []
[2018-05-06 22:40:47] matcha_log.INFO: Connected to Database. [] []
[2018-05-06 22:40:59] matcha_log.INFO: Connected to Database. [] []
[2018-05-06 22:44:27] matcha_log.INFO: Connected to Database. [] []
[2018-05-06 22:44:29] matcha_log.INFO: Connected to Database. [] []
[2018-05-06 22:44:43] matcha_log.INFO: Connected to Database. [] []
[2018-05-06 22:44:49] matcha_log.INFO: Connected to Database. [] []
[2018-05-06 22:44:56] matcha_log.INFO: Connected to Database. [] []
[2018-05-06 22:46:46] matcha_log.INFO: Connected to Database. [] []
[2018-05-06 22:46:49] matcha_log.INFO: Connected to Database. [] []
[2018-05-06 22:47:23] matcha_log.INFO: Connected to Database. [] []
[2018-05-06 22:47:25] matcha_log.INFO: Connected to Database. [] []
[2018-05-06 22:48:16] matcha_log.INFO: Connected to Database. [] []
[2018-05-06 22:48:58] matcha_log.INFO: Connected to Database. [] []
[2018-05-06 22:50:22] matcha_log.INFO: Connected to Database. [] []
[2018-05-06 22:50:24] matcha_log.INFO: Connected to Database. [] []
[2018-05-06 22:51:21] matcha_log.INFO: Connected to Database. [] []
[2018-05-06 22:51:22] matcha_log.INFO: Connected to Database. [] []
[2018-05-06 22:53:17] matcha_log.INFO: Connected to Database. [] []
[2018-05-06 22:53:24] matcha_log.INFO: Connected to Database. [] []
[2018-05-06 22:53:29] matcha_log.INFO: Connected to Database. [] []
[2018-05-06 22:56:07] matcha_log.INFO: Connected to Database. [] []
[2018-05-06 22:56:10] matcha_log.INFO: Connected to Database. [] []
[2018-05-06 22:56:43] matcha_log.INFO: Connected to Database. [] []
[2018-05-06 22:56:45] matcha_log.INFO: Connected to Database. [] []
[2018-05-06 22:57:25] matcha_log.INFO: Connected to Database. [] []
[2018-05-06 22:57:26] matcha_log.INFO: Connected to Database. [] []
[2018-05-06 22:57:34] matcha_log.INFO: Connected to Database. [] []
[2018-05-06 22:57:37] matcha_log.INFO: Connected to Database. [] []
[2018-05-06 22:57:42] matcha_log.INFO: Connected to Database. [] []
[2018-05-06 23:02:31] matcha_log.INFO: Connected to Database. [] []
[2018-05-06 23:02:33] matcha_log.INFO: Connected to Database. [] []
[2018-05-06 23:03:03] matcha_log.INFO: Connected to Database. [] []
[2018-05-06 23:03:04] matcha_log.INFO: Connected to Database. [] []
[2018-05-06 23:03:10] matcha_log.INFO: Connected to Database. [] []
[2018-05-06 23:04:40] matcha_log.INFO: Connected to Database. [] []
[2018-05-06 23:04:42] matcha_log.INFO: Connected to Database. [] []
[2018-05-06 23:04:55] matcha_log.INFO: Connected to Database. [] []
[2018-05-06 23:04:58] matcha_log.INFO: Connected to Database. [] []
[2018-05-06 23:05:03] matcha_log.INFO: Connected to Database. [] []
[2018-05-06 23:05:53] matcha_log.INFO: Connected to Database. [] []
[2018-05-06 23:05:57] matcha_log.INFO: Connected to Database. [] []
[2018-05-06 23:06:00] matcha_log.INFO: Connected to Database. [] []
[2018-05-06 23:06:00] matcha_log.INFO: Connected to Database. [] []
[2018-05-06 23:06:07] matcha_log.INFO: Connected to Database. [] []
[2018-05-06 23:08:05] matcha_log.INFO: Connected to Database. [] []
[2018-05-06 23:08:07] matcha_log.INFO: Connected to Database. [] []
[2018-05-06 23:08:24] matcha_log.INFO: Connected to Database. [] []
[2018-05-06 23:08:47] matcha_log.INFO: Connected to Database. [] []
[2018-05-06 23:08:47] matcha_log.INFO: Connected to Database. [] []
[2018-05-06 23:09:04] matcha_log.INFO: Connected to Database. [] []
[2018-05-06 23:09:04] matcha_log.INFO: Connected to Database. [] []
[2018-05-06 23:09:18] matcha_log.INFO: Connected to Database. [] []
[2018-05-06 23:09:18] matcha_log.INFO: Connected to Database. [] []
[2018-05-06 23:09:30] matcha_log.INFO: Connected to Database. [] []
[2018-05-06 23:09:30] matcha_log.INFO: Connected to Database. [] []
[2018-05-06 23:10:14] matcha_log.INFO: Connected to Database. [] []
[2018-05-06 23:10:22] matcha_log.INFO: Connected to Database. [] []
[2018-05-06 23:10:36] matcha_log.INFO: Connected to Database. [] []
[2018-05-06 23:11:08] matcha_log.INFO: Connected to Database. [] []
[2018-05-06 23:11:18] matcha_log.INFO: Connected to Database. [] []
[2018-05-06 23:11:36] matcha_log.INFO: Connected to Database. [] []
[2018-05-06 23:12:40] matcha_log.INFO: Connected to Database. [] []
[2018-05-06 23:12:58] matcha_log.INFO: Connected to Database. [] []
[2018-05-06 23:13:58] matcha_log.INFO: Connected to Database. [] []
[2018-05-06 23:14:46] matcha_log.INFO: Connected to Database. [] []
[2018-05-06 23:14:52] matcha_log.INFO: Connected to Database. [] []
[2018-05-06 23:15:10] matcha_log.INFO: Connected to Database. [] []
[2018-05-06 23:16:15] matcha_log.INFO: Connected to Database. [] []
[2018-05-06 23:16:15] matcha_log.INFO: Connected to Database. [] []
[2018-05-06 23:16:21] matcha_log.INFO: Connected to Database. [] []
[2018-05-06 23:18:05] matcha_log.INFO: Connected to Database. [] []
[2018-05-06 23:18:08] matcha_log.INFO: Connected to Database. [] []
[2018-05-06 23:18:13] matcha_log.INFO: Connected to Database. [] []
[2018-05-06 23:18:19] matcha_log.INFO: Connected to Database. [] []
[2018-05-06 23:18:59] matcha_log.INFO: Connected to Database. [] []
[2018-05-06 23:21:47] matcha_log.INFO: Connected to Database. [] []
[2018-05-06 23:21:55] matcha_log.INFO: Connected to Database. [] []
[2018-05-06 23:21:57] matcha_log.INFO: Connected to Database. [] []
[2018-05-06 23:22:00] matcha_log.INFO: Connected to Database. [] []
[2018-05-06 23:22:00] matcha_log.INFO: Connected to Database. [] []
[2018-05-06 23:22:01] matcha_log.INFO: Connected to Database. [] []
[2018-05-06 23:22:03] matcha_log.INFO: Connected to Database. [] []
[2018-05-06 23:22:03] matcha_log.INFO: Connected to Database. [] []
[2018-05-06 23:22:05] matcha_log.INFO: Connected to Database. [] []
[2018-05-06 23:22:05] matcha_log.INFO: Connected to Database. [] []
[2018-05-06 23:22:07] matcha_log.INFO: Connected to Database. [] []
[2018-05-06 23:22:07] matcha_log.INFO: Connected to Database. [] []
[2018-05-06 23:22:08] matcha_log.INFO: Connected to Database. [] []
[2018-05-06 23:22:09] matcha_log.INFO: Connected to Database. [] []
[2018-05-06 23:22:09] matcha_log.INFO: Connected to Database. [] []
[2018-05-06 23:22:11] matcha_log.INFO: Connected to Database. [] []
[2018-05-06 23:22:11] matcha_log.INFO: Connected to Database. [] []
[2018-05-06 23:22:13] matcha_log.INFO: Connected to Database. [] []
[2018-05-06 23:22:13] matcha_log.INFO: Connected to Database. [] []
[2018-05-06 23:22:15] matcha_log.INFO: Connected to Database. [] []
[2018-05-06 23:22:15] matcha_log.INFO: Connected to Database. [] []
[2018-05-06 23:22:17] matcha_log.INFO: Connected to Database. [] []
[2018-05-06 23:22:17] matcha_log.INFO: Connected to Database. [] []
[2018-05-06 23:22:19] matcha_log.INFO: Connected to Database. [] []
[2018-05-06 23:22:19] matcha_log.INFO: Connected to Database. [] []
[2018-05-06 23:22:19] matcha_log.INFO: Connected to Database. [] []
[2018-05-06 23:22:21] matcha_log.INFO: Connected to Database. [] []
[2018-05-06 23:22:21] matcha_log.INFO: Connected to Database. [] []
[2018-05-06 23:22:23] matcha_log.INFO: Connected to Database. [] []
[2018-05-06 23:22:23] matcha_log.INFO: Connected to Database. [] []
[2018-05-06 23:22:25] matcha_log.INFO: Connected to Database. [] []
[2018-05-06 23:22:25] matcha_log.INFO: Connected to Database. [] []
[2018-05-06 23:22:27] matcha_log.INFO: Connected to Database. [] []
[2018-05-06 23:22:27] matcha_log.INFO: Connected to Database. [] []
[2018-05-06 23:22:29] matcha_log.INFO: Connected to Database. [] []
[2018-05-06 23:22:29] matcha_log.INFO: Connected to Database. [] []
[2018-05-06 23:22:31] matcha_log.INFO: Connected to Database. [] []
[2018-05-06 23:22:31] matcha_log.INFO: Connected to Database. [] []
[2018-05-06 23:22:33] matcha_log.INFO: Connected to Database. [] []
[2018-05-06 23:22:35] matcha_log.INFO: Connected to Database. [] []
[2018-05-06 23:22:35] matcha_log.INFO: Connected to Database. [] []
[2018-05-06 23:22:35] matcha_log.INFO: Connected to Database. [] []
[2018-05-06 23:22:37] matcha_log.INFO: Connected to Database. [] []
[2018-05-06 23:22:37] matcha_log.INFO: Connected to Database. [] []
[2018-05-06 23:22:39] matcha_log.INFO: Connected to Database. [] []
[2018-05-06 23:22:39] matcha_log.INFO: Connected to Database. [] []
[2018-05-06 23:22:41] matcha_log.INFO: Connected to Database. [] []
[2018-05-06 23:22:41] matcha_log.INFO: Connected to Database. [] []
[2018-05-06 23:22:43] matcha_log.INFO: Connected to Database. [] []
[2018-05-06 23:22:43] matcha_log.INFO: Connected to Database. [] []
[2018-05-06 23:22:45] matcha_log.INFO: Connected to Database. [] []
[2018-05-06 23:22:46] matcha_log.INFO: Connected to Database. [] []
[2018-05-06 23:22:47] matcha_log.INFO: Connected to Database. [] []
[2018-05-06 23:22:48] matcha_log.INFO: Connected to Database. [] []
[2018-05-06 23:22:49] matcha_log.INFO: Connected to Database. [] []
[2018-05-06 23:22:50] matcha_log.INFO: Connected to Database. [] []
[2018-05-06 23:22:51] matcha_log.INFO: Connected to Database. [] []
[2018-05-06 23:22:51] matcha_log.INFO: Connected to Database. [] []
[2018-05-06 23:22:53] matcha_log.INFO: Connected to Database. [] []
[2018-05-06 23:22:54] matcha_log.INFO: Connected to Database. [] []
[2018-05-06 23:22:55] matcha_log.INFO: Connected to Database. [] []
[2018-05-06 23:22:55] matcha_log.INFO: Connected to Database. [] []
[2018-05-06 23:22:57] matcha_log.INFO: Connected to Database. [] []
[2018-05-06 23:22:58] matcha_log.INFO: Connected to Database. [] []
[2018-05-06 23:22:59] matcha_log.INFO: Connected to Database. [] []
[2018-05-06 23:22:59] matcha_log.INFO: Connected to Database. [] []
[2018-05-06 23:23:01] matcha_log.INFO: Connected to Database. [] []
[2018-05-06 23:23:01] matcha_log.INFO: Connected to Database. [] []
[2018-05-06 23:23:03] matcha_log.INFO: Connected to Database. [] []
[2018-05-06 23:23:05] matcha_log.INFO: Connected to Database. [] []
[2018-05-06 23:23:05] matcha_log.INFO: Connected to Database. [] []
[2018-05-06 23:23:06] matcha_log.INFO: Connected to Database. [] []
[2018-05-06 23:23:07] matcha_log.INFO: Connected to Database. [] []
[2018-05-06 23:23:09] matcha_log.INFO: Connected to Database. [] []
[2018-05-06 23:23:09] matcha_log.INFO: Connected to Database. [] []
[2018-05-06 23:23:09] matcha_log.INFO: Connected to Database. [] []
[2018-05-06 23:23:10] matcha_log.INFO: Connected to Database. [] []
[2018-05-06 23:23:12] matcha_log.INFO: Connected to Database. [] []
[2018-05-06 23:23:12] matcha_log.INFO: Connected to Database. [] []
[2018-05-06 23:23:13] matcha_log.INFO: Connected to Database. [] []
[2018-05-06 23:23:15] matcha_log.INFO: Connected to Database. [] []
[2018-05-06 23:23:15] matcha_log.INFO: Connected to Database. [] []
[2018-05-06 23:23:15] matcha_log.INFO: Connected to Database. [] []
[2018-05-06 23:23:17] matcha_log.INFO: Connected to Database. [] []
[2018-05-06 23:23:17] matcha_log.INFO: Connected to Database. [] []
[2018-05-06 23:23:19] matcha_log.INFO: Connected to Database. [] []
[2018-05-06 23:23:23] matcha_log.INFO: Connected to Database. [] []
[2018-05-06 23:23:24] matcha_log.INFO: Connected to Database. [] []
[2018-05-06 23:23:25] matcha_log.INFO: Connected to Database. [] []
[2018-05-06 23:23:28] matcha_log.INFO: Connected to Database. [] []
[2018-05-06 23:23:28] matcha_log.INFO: Connected to Database. [] []
[2018-05-06 23:23:28] matcha_log.INFO: Connected to Database. [] []
[2018-05-06 23:23:29] matcha_log.INFO: Connected to Database. [] []
[2018-05-06 23:23:30] matcha_log.INFO: Connected to Database. [] []
[2018-05-06 23:23:30] matcha_log.INFO: Connected to Database. [] []
[2018-05-06 23:23:30] matcha_log.INFO: Connected to Database. [] []
[2018-05-06 23:23:31] matcha_log.INFO: Connected to Database. [] []
[2018-05-06 23:23:31] matcha_log.INFO: Connected to Database. [] []
[2018-05-06 23:23:31] matcha_log.INFO: Connected to Database. [] []
[2018-05-06 23:23:33] matcha_log.INFO: Connected to Database. [] []
[2018-05-06 23:23:34] matcha_log.INFO: Connected to Database. [] []
[2018-05-06 23:23:35] matcha_log.INFO: Connected to Database. [] []
[2018-05-06 23:23:36] matcha_log.INFO: Connected to Database. [] []
[2018-05-06 23:23:37] matcha_log.INFO: Connected to Database. [] []
[2018-05-06 23:23:38] matcha_log.INFO: Connected to Database. [] []
[2018-05-06 23:23:39] matcha_log.INFO: Connected to Database. [] []
[2018-05-06 23:23:40] matcha_log.INFO: Connected to Database. [] []
[2018-05-06 23:23:41] matcha_log.INFO: Connected to Database. [] []
[2018-05-06 23:23:42] matcha_log.INFO: Connected to Database. [] []
[2018-05-06 23:23:43] matcha_log.INFO: Connected to Database. [] []
[2018-05-06 23:23:44] matcha_log.INFO: Connected to Database. [] []
[2018-05-06 23:23:45] matcha_log.INFO: Connected to Database. [] []
[2018-05-06 23:23:46] matcha_log.INFO: Connected to Database. [] []
[2018-05-06 23:23:47] matcha_log.INFO: Connected to Database. [] []
[2018-05-06 23:23:48] matcha_log.INFO: Connected to Database. [] []
[2018-05-06 23:23:49] matcha_log.INFO: Connected to Database. [] []
[2018-05-06 23:23:49] matcha_log.INFO: Connected to Database. [] []
[2018-05-06 23:23:51] matcha_log.INFO: Connected to Database. [] []
[2018-05-06 23:23:52] matcha_log.INFO: Connected to Database. [] []
[2018-05-06 23:23:53] matcha_log.INFO: Connected to Database. [] []
[2018-05-06 23:23:53] matcha_log.INFO: Connected to Database. [] []
[2018-05-06 23:23:55] matcha_log.INFO: Connected to Database. [] []
[2018-05-06 23:23:55] matcha_log.INFO: Connected to Database. [] []
[2018-05-06 23:23:58] matcha_log.INFO: Connected to Database. [] []
[2018-05-06 23:23:58] matcha_log.INFO: Connected to Database. [] []
[2018-05-06 23:23:59] matcha_log.INFO: Connected to Database. [] []
[2018-05-06 23:24:01] matcha_log.INFO: Connected to Database. [] []
[2018-05-06 23:24:02] matcha_log.INFO: Connected to Database. [] []
[2018-05-06 23:24:03] matcha_log.INFO: Connected to Database. [] []
[2018-05-06 23:24:04] matcha_log.INFO: Connected to Database. [] []
[2018-05-06 23:24:05] matcha_log.INFO: Connected to Database. [] []
[2018-05-06 23:24:05] matcha_log.INFO: Connected to Database. [] []
[2018-05-06 23:24:09] matcha_log.INFO: Connected to Database. [] []
[2018-05-06 23:24:11] matcha_log.INFO: Connected to Database. [] []
[2018-05-06 23:24:15] matcha_log.INFO: Connected to Database. [] []
[2018-05-06 23:24:16] matcha_log.INFO: Connected to Database. [] []
[2018-05-06 23:24:20] matcha_log.INFO: Connected to Database. [] []
[2018-05-06 23:24:20] matcha_log.INFO: Connected to Database. [] []
[2018-05-06 23:24:22] matcha_log.INFO: Connected to Database. [] []
[2018-05-06 23:24:24] matcha_log.INFO: Connected to Database. [] []
[2018-05-06 23:24:25] matcha_log.INFO: Connected to Database. [] []
[2018-05-06 23:24:26] matcha_log.INFO: Connected to Database. [] []
[2018-05-06 23:24:29] matcha_log.INFO: Connected to Database. [] []
[2018-05-06 23:24:29] matcha_log.INFO: Connected to Database. [] []
[2018-05-06 23:24:29] matcha_log.INFO: Connected to Database. [] []
[2018-05-06 23:24:32] matcha_log.INFO: Connected to Database. [] []
[2018-05-06 23:24:32] matcha_log.INFO: Connected to Database. [] []
[2018-05-06 23:24:36] matcha_log.INFO: Connected to Database. [] []
[2018-05-06 23:24:36] matcha_log.INFO: Connected to Database. [] []
[2018-05-06 23:24:38] matcha_log.INFO: Connected to Database. [] []
[2018-05-06 23:24:38] matcha_log.INFO: Connected to Database. [] []
[2018-05-06 23:24:41] matcha_log.INFO: Connected to Database. [] []
[2018-05-06 23:24:41] matcha_log.INFO: Connected to Database. [] []
[2018-05-06 23:24:45] matcha_log.INFO: Connected to Database. [] []
[2018-05-06 23:24:45] matcha_log.INFO: Connected to Database. [] []
[2018-05-06 23:24:47] matcha_log.INFO: Connected to Database. [] []
[2018-05-06 23:24:47] matcha_log.INFO: Connected to Database. [] []
[2018-05-06 23:24:50] matcha_log.INFO: Connected to Database. [] []
[2018-05-06 23:24:50] matcha_log.INFO: Connected to Database. [] []
[2018-05-06 23:24:54] matcha_log.INFO: Connected to Database. [] []
[2018-05-06 23:24:54] matcha_log.INFO: Connected to Database. [] []
[2018-05-06 23:24:56] matcha_log.INFO: Connected to Database. [] []
[2018-05-06 23:24:56] matcha_log.INFO: Connected to Database. [] []
[2018-05-06 23:25:00] matcha_log.INFO: Connected to Database. [] []
[2018-05-06 23:25:00] matcha_log.INFO: Connected to Database. [] []
[2018-05-06 23:25:02] matcha_log.INFO: Connected to Database. [] []
[2018-05-06 23:25:02] matcha_log.INFO: Connected to Database. [] []
[2018-05-06 23:25:05] matcha_log.INFO: Connected to Database. [] []
[2018-05-06 23:25:06] matcha_log.INFO: Connected to Database. [] []
[2018-05-06 23:25:08] matcha_log.INFO: Connected to Database. [] []
[2018-05-06 23:25:08] matcha_log.INFO: Connected to Database. [] []
[2018-05-06 23:25:11] matcha_log.INFO: Connected to Database. [] []
[2018-05-06 23:25:12] matcha_log.INFO: Connected to Database. [] []
[2018-05-06 23:25:14] matcha_log.INFO: Connected to Database. [] []
[2018-05-06 23:25:14] matcha_log.INFO: Connected to Database. [] []
[2018-05-06 23:25:17] matcha_log.INFO: Connected to Database. [] []
[2018-05-06 23:25:17] matcha_log.INFO: Connected to Database. [] []
[2018-05-06 23:25:20] matcha_log.INFO: Connected to Database. [] []
[2018-05-06 23:25:21] matcha_log.INFO: Connected to Database. [] []
[2018-05-06 23:25:23] matcha_log.INFO: Connected to Database. [] []
[2018-05-06 23:25:23] matcha_log.INFO: Connected to Database. [] []
[2018-05-06 23:25:26] matcha_log.INFO: Connected to Database. [] []
[2018-05-06 23:25:26] matcha_log.INFO: Connected to Database. [] []
[2018-05-06 23:25:28] matcha_log.INFO: Connected to Database. [] []
[2018-05-06 23:25:29] matcha_log.INFO: Connected to Database. [] []
[2018-05-06 23:25:29] matcha_log.INFO: Connected to Database. [] []
[2018-05-06 23:25:32] matcha_log.INFO: Connected to Database. [] []
[2018-05-06 23:25:32] matcha_log.INFO: Connected to Database. [] []
[2018-05-06 23:25:35] matcha_log.INFO: Connected to Database. [] []
[2018-05-06 23:25:35] matcha_log.INFO: Connected to Database. [] []
[2018-05-06 23:25:38] matcha_log.INFO: Connected to Database. [] []
[2018-05-06 23:25:38] matcha_log.INFO: Connected to Database. [] []
[2018-05-06 23:25:41] matcha_log.INFO: Connected to Database. [] []
[2018-05-06 23:25:41] matcha_log.INFO: Connected to Database. [] []
[2018-05-06 23:25:44] matcha_log.INFO: Connected to Database. [] []
[2018-05-06 23:25:44] matcha_log.INFO: Connected to Database. [] []
[2018-05-06 23:25:47] matcha_log.INFO: Connected to Database. [] []
[2018-05-06 23:25:47] matcha_log.INFO: Connected to Database. [] []
[2018-05-06 23:25:47] matcha_log.INFO: Connected to Database. [] []
[2018-05-06 23:25:48] matcha_log.INFO: Connected to Database. [] []
[2018-05-06 23:25:50] matcha_log.INFO: Connected to Database. [] []
[2018-05-06 23:25:50] matcha_log.INFO: Connected to Database. [] []
[2018-05-06 23:25:53] matcha_log.INFO: Connected to Database. [] []
[2018-05-06 23:25:56] matcha_log.INFO: Connected to Database. [] []
[2018-05-06 23:25:56] matcha_log.INFO: Connected to Database. [] []
[2018-05-06 23:25:56] matcha_log.INFO: Connected to Database. [] []
[2018-05-06 23:25:56] matcha_log.INFO: Connected to Database. [] []
[2018-05-06 23:25:56] matcha_log.INFO: Connected to Database. [] []
[2018-05-06 23:25:59] matcha_log.INFO: Connected to Database. [] []
[2018-05-06 23:25:59] matcha_log.INFO: Connected to Database. [] []
[2018-05-06 23:26:02] matcha_log.INFO: Connected to Database. [] []
[2018-05-06 23:26:02] matcha_log.INFO: Connected to Database. [] []
[2018-05-06 23:26:05] matcha_log.INFO: Connected to Database. [] []
[2018-05-06 23:26:05] matcha_log.INFO: Connected to Database. [] []
[2018-05-06 23:26:07] matcha_log.INFO: Connected to Database. [] []
[2018-05-06 23:26:07] matcha_log.INFO: Connected to Database. [] []
[2018-05-06 23:26:08] matcha_log.INFO: Connected to Database. [] []
[2018-05-06 23:26:08] matcha_log.INFO: Connected to Database. [] []
[2018-05-06 23:26:11] matcha_log.INFO: Connected to Database. [] []
[2018-05-06 23:26:14] matcha_log.INFO: Connected to Database. [] []
[2018-05-06 23:26:14] matcha_log.INFO: Connected to Database. [] []
[2018-05-06 23:26:15] matcha_log.INFO: Connected to Database. [] []
[2018-05-06 23:26:18] matcha_log.INFO: Connected to Database. [] []
[2018-05-06 23:26:18] matcha_log.INFO: Connected to Database. [] []
[2018-05-06 23:26:20] matcha_log.INFO: Connected to Database. [] []
[2018-05-06 23:26:20] matcha_log.INFO: Connected to Database. [] []
[2018-05-06 23:26:23] matcha_log.INFO: Connected to Database. [] []
[2018-05-06 23:26:23] matcha_log.INFO: Connected to Database. [] []
[2018-05-06 23:26:26] matcha_log.INFO: Connected to Database. [] []
[2018-05-06 23:26:27] matcha_log.INFO: Connected to Database. [] []
[2018-05-06 23:26:29] matcha_log.INFO: Connected to Database. [] []
[2018-05-06 23:26:29] matcha_log.INFO: Connected to Database. [] []
[2018-05-06 23:26:32] matcha_log.INFO: Connected to Database. [] []
[2018-05-06 23:26:33] matcha_log.INFO: Connected to Database. [] []
[2018-05-06 23:26:35] matcha_log.INFO: Connected to Database. [] []
[2018-05-06 23:26:35] matcha_log.INFO: Connected to Database. [] []
[2018-05-06 23:26:38] matcha_log.INFO: Connected to Database. [] []
[2018-05-06 23:26:39] matcha_log.INFO: Connected to Database. [] []
[2018-05-06 23:26:39] matcha_log.INFO: Connected to Database. [] []
[2018-05-06 23:26:43] matcha_log.INFO: Connected to Database. [] []
[2018-05-06 23:26:43] matcha_log.INFO: Connected to Database. [] []
[2018-05-06 23:26:44] matcha_log.INFO: Connected to Database. [] []
[2018-05-06 23:26:47] matcha_log.INFO: Connected to Database. [] []
[2018-05-06 23:26:47] matcha_log.INFO: Connected to Database. [] []
[2018-05-06 23:26:49] matcha_log.INFO: Connected to Database. [] []
[2018-05-06 23:26:52] matcha_log.INFO: Connected to Database. [] []
[2018-05-06 23:26:52] matcha_log.INFO: Connected to Database. [] []
[2018-05-06 23:26:53] matcha_log.INFO: Connected to Database. [] []
[2018-05-06 23:26:55] matcha_log.INFO: Connected to Database. [] []
[2018-05-06 23:26:58] matcha_log.INFO: Connected to Database. [] []
[2018-05-06 23:26:58] matcha_log.INFO: Connected to Database. [] []
[2018-05-06 23:26:59] matcha_log.INFO: Connected to Database. [] []
[2018-05-06 23:27:01] matcha_log.INFO: Connected to Database. [] []
[2018-05-06 23:27:04] matcha_log.INFO: Connected to Database. [] []
[2018-05-06 23:27:04] matcha_log.INFO: Connected to Database. [] []
[2018-05-06 23:27:05] matcha_log.INFO: Connected to Database. [] []
[2018-05-06 23:27:08] matcha_log.INFO: Connected to Database. [] []
[2018-05-06 23:27:08] matcha_log.INFO: Connected to Database. [] []
[2018-05-06 23:27:10] matcha_log.INFO: Connected to Database. [] []
[2018-05-06 23:27:11] matcha_log.INFO: Connected to Database. [] []
[2018-05-06 23:27:11] matcha_log.INFO: Connected to Database. [] []
[2018-05-06 23:27:13] matcha_log.INFO: Connected to Database. [] []
[2018-05-06 23:27:13] matcha_log.INFO: Connected to Database. [] []
[2018-05-06 23:27:17] matcha_log.INFO: Connected to Database. [] []
[2018-05-06 23:27:17] matcha_log.INFO: Connected to Database. [] []
[2018-05-06 23:27:19] matcha_log.INFO: Connected to Database. [] []
[2018-05-06 23:27:19] matcha_log.INFO: Connected to Database. [] []
[2018-05-06 23:27:19] matcha_log.INFO: Connected to Database. [] []
[2018-05-06 23:27:22] matcha_log.INFO: Connected to Database. [] []
[2018-05-06 23:27:22] matcha_log.INFO: Connected to Database. [] []
[2018-05-06 23:27:25] matcha_log.INFO: Connected to Database. [] []
[2018-05-06 23:27:25] matcha_log.INFO: Connected to Database. [] []
[2018-05-06 23:27:28] matcha_log.INFO: Connected to Database. [] []
[2018-05-06 23:27:28] matcha_log.INFO: Connected to Database. [] []
[2018-05-06 23:27:29] matcha_log.INFO: Connected to Database. [] []
[2018-05-06 23:27:29] matcha_log.INFO: User logged out. [] []
[2018-05-06 23:27:31] matcha_log.INFO: Connected to Database. [] []
[2018-05-06 23:27:34] matcha_log.INFO: New user login request. [] []
[2018-05-06 23:27:34] matcha_log.INFO: Connected to Database. [] []
[2018-05-06 23:27:39] matcha_log.INFO: Connected to Database. [] []
[2018-05-06 23:27:41] matcha_log.INFO: Connected to Database. [] []
[2018-05-06 23:27:41] matcha_log.INFO: Connected to Database. [] []
[2018-05-06 23:27:42] matcha_log.INFO: User loged in with success: tdonald [] []
[2018-05-06 23:27:42] matcha_log.INFO: Connected to Database. [] []
[2018-05-06 23:27:44] matcha_log.INFO: Connected to Database. [] []
[2018-05-06 23:27:44] matcha_log.INFO: Connected to Database. [] []
[2018-05-06 23:27:44] matcha_log.INFO: Connected to Database. [] []
[2018-05-06 23:27:46] matcha_log.INFO: Connected to Database. [] []
[2018-05-06 23:27:46] matcha_log.INFO: Connected to Database. [] []
[2018-05-06 23:27:49] matcha_log.INFO: Connected to Database. [] []
[2018-05-06 23:27:49] matcha_log.INFO: Connected to Database. [] []
[2018-05-06 23:27:52] matcha_log.INFO: Connected to Database. [] []
[2018-05-06 23:27:55] matcha_log.INFO: Connected to Database. [] []
[2018-05-06 23:27:55] matcha_log.INFO: Connected to Database. [] []
[2018-05-06 23:27:58] matcha_log.INFO: Connected to Database. [] []
[2018-05-06 23:27:58] matcha_log.INFO: Connected to Database. [] []
[2018-05-06 23:28:01] matcha_log.INFO: Connected to Database. [] []
[2018-05-06 23:28:01] matcha_log.INFO: Connected to Database. [] []
[2018-05-06 23:28:05] matcha_log.INFO: Connected to Database. [] []
[2018-05-06 23:28:05] matcha_log.INFO: Connected to Database. [] []
[2018-05-06 23:28:07] matcha_log.INFO: Connected to Database. [] []
[2018-05-06 23:28:07] matcha_log.INFO: Connected to Database. [] []
[2018-05-06 23:28:09] matcha_log.INFO: Connected to Database. [] []
[2018-05-06 23:28:11] matcha_log.INFO: Connected to Database. [] []
[2018-05-06 23:28:11] matcha_log.INFO: Connected to Database. [] []
[2018-05-06 23:28:13] matcha_log.INFO: Connected to Database. [] []
[2018-05-06 23:28:14] matcha_log.INFO: Connected to Database. [] []
[2018-05-06 23:28:15] matcha_log.INFO: Connected to Database. [] []
[2018-05-06 23:28:17] matcha_log.INFO: Connected to Database. [] []
[2018-05-06 23:28:18] matcha_log.INFO: Connected to Database. [] []
[2018-05-06 23:28:18] matcha_log.INFO: Connected to Database. [] []
[2018-05-06 23:28:20] matcha_log.INFO: Connected to Database. [] []
[2018-05-06 23:28:21] matcha_log.INFO: Connected to Database. [] []
[2018-05-06 23:28:23] matcha_log.INFO: Connected to Database. [] []
[2018-05-06 23:28:24] matcha_log.INFO: Connected to Database. [] []
[2018-05-06 23:28:25] matcha_log.INFO: Connected to Database. [] []
[2018-05-06 23:28:27] matcha_log.INFO: Connected to Database. [] []
[2018-05-06 23:28:28] matcha_log.INFO: Connected to Database. [] []
[2018-05-06 23:28:28] matcha_log.INFO: Connected to Database. [] []
[2018-05-06 23:28:28] matcha_log.INFO: Connected to Database. [] []
[2018-05-06 23:28:31] matcha_log.INFO: Connected to Database. [] []
[2018-05-06 23:28:34] matcha_log.INFO: Connected to Database. [] []
[2018-05-06 23:28:36] matcha_log.INFO: Connected to Database. [] []
[2018-05-06 23:28:37] matcha_log.INFO: Connected to Database. [] []
[2018-05-06 23:28:38] matcha_log.INFO: Connected to Database. [] []
[2018-05-06 23:28:40] matcha_log.INFO: Connected to Database. [] []
[2018-05-06 23:28:41] matcha_log.INFO: Connected to Database. [] []
[2018-05-06 23:28:44] matcha_log.INFO: Connected to Database. [] []
[2018-05-06 23:28:53] matcha_log.INFO: Connected to Database. [] []
[2018-05-06 23:30:50] matcha_log.INFO: Connected to Database. [] []
[2018-05-06 23:30:50] matcha_log.INFO: Connected to Database. [] []
[2018-05-06 23:32:44] matcha_log.INFO: Connected to Database. [] []
[2018-05-06 23:33:09] matcha_log.INFO: Connected to Database. [] []
[2018-05-06 23:33:09] matcha_log.INFO: Connected to Database. [] []
[2018-05-06 23:33:10] matcha_log.INFO: Connected to Database. [] []
[2018-05-06 23:33:10] matcha_log.INFO: Connected to Database. [] []
[2018-05-06 23:33:11] matcha_log.INFO: Connected to Database. [] []
[2018-05-06 23:33:11] matcha_log.INFO: Connected to Database. [] []
[2018-05-06 23:34:28] matcha_log.INFO: Connected to Database. [] []
[2018-05-06 23:34:28] matcha_log.INFO: Connected to Database. [] []
[2018-05-06 23:34:28] matcha_log.INFO: User logged out. [] []
